[debug] [2021-02-26T15:27:34.851Z] ----------------------------------------------------------------------
[debug] [2021-02-26T15:27:34.852Z] Command:       C:\Program Files\nodejs\node.exe C:\Users\87856\AppData\Roaming\npm\node_modules\firebase-tools\lib\bin\firebase.js init
[debug] [2021-02-26T15:27:34.853Z] CLI Version:   9.5.0
[debug] [2021-02-26T15:27:34.853Z] Platform:      win32
[debug] [2021-02-26T15:27:34.853Z] Node Version:  v12.18.3
[debug] [2021-02-26T15:27:34.857Z] Time:          Fri Feb 26 2021 12:27:34 GMT-0300 (GMT-03:00)
[debug] [2021-02-26T15:27:34.857Z] ----------------------------------------------------------------------
[debug] [2021-02-26T15:27:34.857Z] 
[debug] [2021-02-26T15:27:34.869Z] > command requires scopes: ["email","openid","https://www.googleapis.com/auth/cloudplatformprojects.readonly","https://www.googleapis.com/auth/firebase","https://www.googleapis.com/auth/cloud-platform"]
[debug] [2021-02-26T15:27:34.870Z] > authorizing via signed-in user
[info] 
     ######## #### ########  ######## ########     ###     ######  ########
     ##        ##  ##     ## ##       ##     ##  ##   ##  ##       ##
     ######    ##  ########  ######   ########  #########  ######  ######
     ##        ##  ##    ##  ##       ##     ## ##     ##       ## ##
     ##       #### ##     ## ######## ########  ##     ##  ######  ########

You're about to initialize a Firebase project in this directory:

  C:\Users\87856\workspace_personal\front-maricota-doces

Before we get started, keep in mind:

  * You are initializing in an existing Firebase project directory

[debug] [2021-02-26T16:43:45.920Z] ----------------------------------------------------------------------
[debug] [2021-02-26T16:43:45.922Z] Command:       C:\Program Files\nodejs\node.exe C:\Users\87856\AppData\Roaming\npm\node_modules\firebase-tools\lib\bin\firebase.js init
[debug] [2021-02-26T16:43:45.922Z] CLI Version:   9.5.0
[debug] [2021-02-26T16:43:45.922Z] Platform:      win32
[debug] [2021-02-26T16:43:45.922Z] Node Version:  v12.18.3
[debug] [2021-02-26T16:43:45.927Z] Time:          Fri Feb 26 2021 13:43:45 GMT-0300 (GMT-03:00)
[debug] [2021-02-26T16:43:45.927Z] ----------------------------------------------------------------------
[debug] [2021-02-26T16:43:45.927Z] 
[debug] [2021-02-26T16:43:45.940Z] > command requires scopes: ["email","openid","https://www.googleapis.com/auth/cloudplatformprojects.readonly","https://www.googleapis.com/auth/firebase","https://www.googleapis.com/auth/cloud-platform"]
[debug] [2021-02-26T16:43:45.940Z] > authorizing via signed-in user
[info] 
     ######## #### ########  ######## ########     ###     ######  ########
     ##        ##  ##     ## ##       ##     ##  ##   ##  ##       ##
     ######    ##  ########  ######   ########  #########  ######  ######
     ##        ##  ##    ##  ##       ##     ## ##     ##       ## ##
     ##       #### ##     ## ######## ########  ##     ##  ######  ########

You're about to initialize a Firebase project in this directory:

  C:\Users\87856\workspace_personal\front-maricota-doces

Before we get started, keep in mind:

  * You are initializing in an existing Firebase project directory

